TN:
SF:/home/gonzald3/randomTest/CS362-W2019/projects/gonzald3/quiz/testme.c
FN:6,inputChar
FN:13,inputString
FN:27,testme
FN:61,main
FNDA:3145657,inputChar
FNDA:3145657,inputString
FNDA:1,testme
FNDA:1,main
FNF:4
FNH:4
DA:6,3145657
DA:9,3145657
DA:10,3145657
DA:13,3145657
DA:17,3145657
DA:20,18873942
DA:21,15728285
DA:24,3145657
DA:27,1
DA:29,1
DA:32,1
DA:35,6291313
DA:36,3145657
DA:37,3145657
DA:38,3145657
DA:40,3145657
DA:41,3145657
DA:42,3145657
DA:43,3145657
DA:44,3145657
DA:45,3145657
DA:46,3145657
DA:47,3145657
DA:48,3145657
DA:49,3145657
DA:50,12198
DA:51,45
DA:52,1
DA:54,1
DA:55,1
DA:61,1
DA:63,1
DA:64,1
DA:65,0
LF:34
LH:33
end_of_record
