TN:
SF:/home/gonzald3/cs362Assignment4/CS362-W2019/projects/gonzald3/dominion/dominion.c
FN:8,compare
FN:16,newGame
FN:21,kingdomCards
FN:37,initializeGame
FN:201,shuffle
FN:231,playCard
FN:272,buyCard
FN:311,numHandCards
FN:315,handCard
FN:320,supplyCount
FN:324,fullDeckCount
FN:346,whoseTurn
FN:350,endTurn
FN:390,isGameOver
FN:417,scoreFor
FN:457,getWinners
FN:525,drawCard
FN:583,getCost
FN:648,adventurerCard
FN:687,smithyCard
FN:708,council_roomCard
FN:744,feastCard
FN:811,villageCard
FN:831,cardEffect
FN:1315,discardCard
FN:1353,gainCard
FN:1390,updateCoins
FNDA:1035,compare
FNDA:0,newGame
FNDA:0,kingdomCards
FNDA:102,initializeGame
FNDA:509,shuffle
FNDA:0,playCard
FNDA:0,buyCard
FNDA:0,numHandCards
FNDA:0,handCard
FNDA:0,supplyCount
FNDA:0,fullDeckCount
FNDA:349,whoseTurn
FNDA:0,endTurn
FNDA:0,isGameOver
FNDA:0,scoreFor
FNDA:0,getWinners
FNDA:570,drawCard
FNDA:0,getCost
FNDA:88,adventurerCard
FNDA:19,smithyCard
FNDA:0,council_roomCard
FNDA:0,feastCard
FNDA:68,villageCard
FNDA:87,cardEffect
FNDA:68,discardCard
FNDA:0,gainCard
FNDA:23,updateCoins
FNF:27
FNH:11
DA:8,1035
DA:9,1035
DA:10,0
DA:11,1035
DA:12,276
DA:13,759
DA:16,0
DA:17,0
DA:18,0
DA:21,0
DA:23,0
DA:24,0
DA:25,0
DA:26,0
DA:27,0
DA:28,0
DA:29,0
DA:30,0
DA:31,0
DA:32,0
DA:33,0
DA:34,0
DA:37,102
DA:44,102
DA:45,102
DA:48,102
DA:50,79
DA:54,23
DA:57,253
DA:59,2530
DA:61,2300
DA:63,0
DA:73,23
DA:75,11
DA:77,12
DA:79,1
DA:83,11
DA:87,23
DA:89,11
DA:90,11
DA:91,11
DA:95,12
DA:96,12
DA:97,12
DA:101,23
DA:102,23
DA:103,23
DA:106,483
DA:108,3795
DA:110,3565
DA:113,230
DA:115,46
DA:116,11
DA:118,12
DA:122,207
DA:124,230
DA:128,3335
DA:138,92
DA:140,69
DA:141,276
DA:143,207
DA:144,207
DA:146,552
DA:148,483
DA:149,483
DA:154,92
DA:156,69
DA:158,0
DA:163,92
DA:166,69
DA:167,69
DA:176,644
DA:178,621
DA:182,23
DA:183,23
DA:184,23
DA:185,23
DA:186,23
DA:187,23
DA:188,23
DA:192,138
DA:193,115
DA:196,23
DA:198,23
DA:201,509
DA:205,509
DA:209,509
DA:210,440
DA:211,69
DA:214,828
DA:215,690
DA:216,690
DA:217,690
DA:218,2354
DA:219,1664
DA:221,690
DA:223,759
DA:224,690
DA:225,690
DA:228,69
DA:231,0
DA:234,0
DA:237,0
DA:239,0
DA:243,0
DA:245,0
DA:249,0
DA:252,0
DA:254,0
DA:258,0
DA:260,0
DA:264,0
DA:267,0
DA:269,0
DA:272,0
DA:280,0
DA:282,0
DA:285,0
DA:286,0
DA:289,0
DA:290,0
DA:293,0
DA:295,0
DA:297,0
DA:299,0
DA:300,0
DA:308,0
DA:311,0
DA:312,0
DA:315,0
DA:316,0
DA:317,0
DA:320,0
DA:321,0
DA:324,0
DA:326,0
DA:328,0
DA:330,0
DA:333,0
DA:335,0
DA:338,0
DA:340,0
DA:343,0
DA:346,349
DA:347,349
DA:350,0
DA:353,0
DA:356,0
DA:357,0
DA:358,0
DA:360,0
DA:363,0
DA:364,0
DA:367,0
DA:370,0
DA:371,0
DA:372,0
DA:373,0
DA:374,0
DA:375,0
DA:376,0
DA:380,0
DA:381,0
DA:385,0
DA:387,0
DA:390,0
DA:395,0
DA:397,0
DA:401,0
DA:402,0
DA:404,0
DA:406,0
DA:409,0
DA:411,0
DA:414,0
DA:417,0
DA:420,0
DA:422,0
DA:424,0
DA:425,0
DA:426,0
DA:427,0
DA:428,0
DA:429,0
DA:433,0
DA:435,0
DA:436,0
DA:437,0
DA:438,0
DA:439,0
DA:440,0
DA:444,0
DA:446,0
DA:447,0
DA:448,0
DA:449,0
DA:450,0
DA:451,0
DA:454,0
DA:457,0
DA:464,0
DA:467,0
DA:469,0
DA:473,0
DA:478,0
DA:479,0
DA:481,0
DA:483,0
DA:486,0
DA:489,0
DA:490,0
DA:492,0
DA:494,0
DA:499,0
DA:500,0
DA:502,0
DA:504,0
DA:507,0
DA:510,0
DA:512,0
DA:514,0
DA:518,0
DA:522,0
DA:525,570
DA:528,570
DA:533,440
DA:534,0
DA:535,0
DA:538,440
DA:539,440
DA:542,440
DA:548,440
DA:551,440
DA:557,440
DA:559,440
DA:560,440
DA:562,0
DA:563,0
DA:564,0
DA:568,130
DA:574,130
DA:575,130
DA:576,130
DA:577,130
DA:580,130
DA:583,0
DA:585,0
DA:587,0
DA:588,0
DA:589,0
DA:590,0
DA:591,0
DA:592,0
DA:593,0
DA:594,0
DA:595,0
DA:596,0
DA:597,0
DA:598,0
DA:599,0
DA:600,0
DA:601,0
DA:602,0
DA:603,0
DA:604,0
DA:605,0
DA:606,0
DA:607,0
DA:608,0
DA:609,0
DA:610,0
DA:611,0
DA:612,0
DA:613,0
DA:614,0
DA:615,0
DA:616,0
DA:617,0
DA:618,0
DA:619,0
DA:620,0
DA:621,0
DA:622,0
DA:623,0
DA:624,0
DA:625,0
DA:626,0
DA:627,0
DA:628,0
DA:629,0
DA:630,0
DA:631,0
DA:632,0
DA:633,0
DA:634,0
DA:635,0
DA:636,0
DA:637,0
DA:638,0
DA:639,0
DA:640,0
DA:643,0
DA:648,88
DA:650,88
DA:651,88
DA:654,88
DA:656,441
DA:659,265
DA:665,265
DA:666,265
DA:667,265
DA:668,176
DA:670,89
DA:671,89
DA:678,176
DA:679,0
DA:680,0
DA:682,88
DA:687,19
DA:689,19
DA:692,209
DA:694,190
DA:702,19
DA:708,0
DA:711,0
DA:714,0
DA:716,0
DA:720,0
DA:725,0
DA:728,0
DA:730,0
DA:735,0
DA:737,0
DA:744,0
DA:748,0
DA:764,0
DA:765,0
DA:766,0
DA:767,0
DA:775,0
DA:776,0
DA:788,0
DA:800,0
DA:801,0
DA:802,0
DA:806,0
DA:811,68
DA:813,68
DA:825,68
DA:826,68
DA:831,87
DA:837,87
DA:838,87
DA:840,87
DA:848,87
DA:849,10
DA:855,87
DA:857,0
DA:859,0
DA:861,0
DA:863,0
DA:865,0
DA:867,0
DA:869,0
DA:870,0
DA:872,0
DA:873,0
DA:875,0
DA:877,0
DA:880,0
DA:882,0
DA:885,0
DA:887,0
DA:890,0
DA:893,0
DA:896,0
DA:898,0
DA:900,0
DA:901,0
DA:905,0
DA:907,0
DA:908,0
DA:910,0
DA:912,0
DA:915,0
DA:918,0
DA:921,0
DA:923,0
DA:925,0
DA:926,0
DA:931,0
DA:933,19
DA:935,19
DA:937,68
DA:939,68
DA:942,0
DA:943,0
DA:944,0
DA:945,0
DA:946,0
DA:947,0
DA:948,0
DA:949,0
DA:950,0
DA:951,0
DA:952,0
DA:953,0
DA:955,0
DA:956,0
DA:957,0
DA:959,0
DA:964,0
DA:965,0
DA:966,0
DA:967,0
DA:968,0
DA:971,0
DA:975,0
DA:981,0
DA:982,0
DA:983,0
DA:984,0
DA:985,0
DA:991,0
DA:993,0
DA:995,0
DA:998,0
DA:1001,0
DA:1002,0
DA:1004,0
DA:1006,0
DA:1009,0
DA:1011,0
DA:1013,0
DA:1016,0
DA:1019,0
DA:1021,0
DA:1025,0
DA:1027,0
DA:1031,0
DA:1033,0
DA:1035,0
DA:1038,0
DA:1040,0
DA:1044,0
DA:1046,0
DA:1053,0
DA:1055,0
DA:1056,0
DA:1059,0
DA:1060,0
DA:1062,0
DA:1065,0
DA:1070,0
DA:1071,0
DA:1075,0
DA:1076,0
DA:1078,0
DA:1079,0
DA:1080,0
DA:1081,0
DA:1082,0
DA:1084,0
DA:1085,0
DA:1086,0
DA:1097,0
DA:1098,0
DA:1099,0
DA:1100,0
DA:1101,0
DA:1102,0
DA:1105,0
DA:1107,0
DA:1108,0
DA:1109,0
DA:1110,0
DA:1111,0
DA:1112,0
DA:1115,0
DA:1116,0
DA:1117,0
DA:1118,0
DA:1121,0
DA:1122,0
DA:1123,0
DA:1126,0
DA:1127,0
DA:1128,0
DA:1131,0
DA:1135,0
DA:1137,0
DA:1138,0
DA:1140,0
DA:1142,0
DA:1145,0
DA:1147,0
DA:1150,0
DA:1152,0
DA:1154,0
DA:1157,0
DA:1159,0
DA:1166,0
DA:1169,0
DA:1171,0
DA:1173,0
DA:1178,0
DA:1181,0
DA:1183,0
DA:1185,0
DA:1187,0
DA:1188,0
DA:1193,0
DA:1195,0
DA:1197,0
DA:1198,0
DA:1200,0
DA:1202,0
DA:1204,0
DA:1206,0
DA:1207,0
DA:1209,0
DA:1211,0
DA:1216,0
DA:1225,0
DA:1227,0
DA:1230,0
DA:1232,0
DA:1235,0
DA:1237,0
DA:1241,0
DA:1244,0
DA:1245,0
DA:1247,0
DA:1249,0
DA:1252,0
DA:1253,0
DA:1255,0
DA:1257,0
DA:1259,0
DA:1262,0
DA:1264,0
DA:1268,0
DA:1269,0
DA:1271,0
DA:1272,0
DA:1273,0
DA:1274,0
DA:1275,0
DA:1276,0
DA:1279,0
DA:1281,0
DA:1283,0
DA:1284,0
DA:1286,0
DA:1288,0
DA:1289,0
DA:1292,0
DA:1295,0
DA:1296,0
DA:1299,0
DA:1301,0
DA:1305,0
DA:1309,0
DA:1312,0
DA:1315,68
DA:1319,68
DA:1322,68
DA:1323,68
DA:1327,68
DA:1330,68
DA:1333,0
DA:1335,68
DA:1338,0
DA:1343,68
DA:1345,68
DA:1347,68
DA:1350,68
DA:1353,0
DA:1358,0
DA:1360,0
DA:1368,0
DA:1370,0
DA:1371,0
DA:1373,0
DA:1375,0
DA:1376,0
DA:1380,0
DA:1381,0
DA:1385,0
DA:1387,0
DA:1390,23
DA:1395,23
DA:1398,138
DA:1400,115
DA:1402,87
DA:1404,28
DA:1406,0
DA:1408,28
DA:1410,0
DA:1415,23
DA:1417,23
LF:601
LH:154
end_of_record
TN:
TN:
SF:/home/gonzald3/cs362Assignment4/CS362-W2019/projects/gonzald3/dominion/randomtestadventurer.c
FN:13,random_number
FN:22,main
FNDA:237,random_number
FNDA:1,main
FNF:2
FNH:2
DA:13,237
DA:16,474
DA:17,237
DA:19,237
DA:22,1
DA:26,1
DA:32,1
DA:33,1
DA:34,1
DA:37,16
DA:38,15
DA:39,15
DA:40,103
DA:41,88
DA:44,88
DA:46,88
DA:47,88
DA:48,0
DA:50,88
DA:54,1
LF:20
LH:19
end_of_record
TN:
SF:/home/gonzald3/cs362Assignment4/CS362-W2019/projects/gonzald3/dominion/randomtestcard1.c
FN:12,random_number
FN:21,main
FNDA:409,random_number
FNDA:1,main
FNF:2
FNH:2
DA:12,409
DA:15,818
DA:16,409
DA:18,409
DA:21,1
DA:23,1
DA:24,1
DA:25,1
DA:27,1
DA:29,69
DA:31,68
DA:32,68
DA:35,68
DA:37,68
DA:39,68
DA:40,68
DA:41,68
DA:45,68
DA:49,68
DA:51,68
DA:55,68
DA:56,68
DA:57,68
DA:61,1
DA:62,1
LF:25
LH:25
end_of_record
TN:
SF:/home/gonzald3/cs362Assignment4/CS362-W2019/projects/gonzald3/dominion/randomtestcard2.c
FN:11,random_number
FN:22,main
FNDA:20,random_number
FNDA:1,main
FNF:2
FNH:2
DA:11,20
DA:14,40
DA:15,20
DA:17,20
DA:22,1
DA:24,1
DA:26,1
DA:28,1
DA:30,20
DA:31,19
DA:32,19
DA:35,19
DA:37,19
DA:40,19
DA:42,19
DA:44,19
DA:47,19
DA:48,0
DA:50,19
DA:53,19
DA:54,0
DA:56,19
DA:58,1
LF:23
LH:21
end_of_record
TN:
SF:/home/gonzald3/cs362Assignment4/CS362-W2019/projects/gonzald3/dominion/rngs.c
FN:51,Random
FN:71,PlantSeeds
FN:101,PutSeed
FN:129,GetSeed
FN:140,SelectStream
FN:153,TestRandom
FNDA:677,Random
FNDA:3,PlantSeeds
FNDA:6,PutSeed
FNDA:0,GetSeed
FNDA:6,SelectStream
FNDA:0,TestRandom
FNF:6
FNH:4
DA:51,677
DA:58,677
DA:59,677
DA:62,677
DA:63,677
DA:64,648
DA:66,29
DA:67,677
DA:71,3
DA:81,3
DA:82,3
DA:86,3
DA:87,3
DA:88,3
DA:89,3
DA:90,3
DA:91,768
DA:92,765
DA:93,765
DA:94,738
DA:96,27
DA:98,3
DA:101,6
DA:111,6
DA:113,6
DA:114,6
DA:115,6
DA:116,0
DA:117,6
DA:118,0
DA:119,0
DA:120,0
DA:121,0
DA:122,0
DA:123,0
DA:125,6
DA:126,6
DA:129,0
DA:136,0
DA:137,0
DA:140,6
DA:147,6
DA:148,6
DA:149,3
DA:150,6
DA:153,0
DA:162,0
DA:164,0
DA:165,0
DA:166,0
DA:167,0
DA:168,0
DA:169,0
DA:172,0
DA:173,0
DA:175,0
DA:176,0
DA:177,0
DA:178,0
DA:179,0
DA:180,0
DA:182,0
DA:183,0
LF:63
LH:35
end_of_record
