TN:
SF:/home/gonzald3/CS362-W2019/projects/gonzald3/dominion/cardtest1.c
FN:11,main
FNDA:1,main
FNF:1
FNH:1
DA:11,1
DA:14,1
DA:15,1
DA:16,1
DA:17,1
DA:18,1
DA:19,1
DA:24,1
DA:25,1
DA:27,1
DA:30,2
DA:33,1
DA:36,1
DA:39,1
DA:40,1
DA:41,1
DA:42,1
DA:43,1
DA:45,1
DA:46,1
DA:48,1
DA:52,1
DA:53,0
DA:54,0
DA:57,1
DA:61,1
LF:26
LH:24
end_of_record
TN:
SF:/home/gonzald3/CS362-W2019/projects/gonzald3/dominion/cardtest2.c
FN:13,main
FNDA:1,main
FNF:1
FNH:1
DA:13,1
DA:15,1
DA:18,1
DA:19,1
DA:20,1
DA:22,1
DA:24,1
DA:26,1
DA:27,1
LF:9
LH:9
end_of_record
TN:
SF:/home/gonzald3/CS362-W2019/projects/gonzald3/dominion/cardtest3.c
FN:9,main
FNDA:1,main
FNF:1
FNH:1
DA:9,1
DA:10,1
DA:13,1
DA:15,1
DA:17,1
DA:18,1
DA:20,1
DA:21,1
DA:23,1
LF:9
LH:9
end_of_record
TN:
SF:/home/gonzald3/CS362-W2019/projects/gonzald3/dominion/cardtest4.c
FN:9,main
FNDA:1,main
FNF:1
FNH:1
DA:9,1
DA:10,1
DA:12,1
DA:14,1
DA:15,1
DA:16,1
DA:17,1
DA:18,1
DA:21,1
DA:22,1
DA:23,1
DA:26,1
LF:12
LH:12
end_of_record
TN:
SF:/home/gonzald3/CS362-W2019/projects/gonzald3/dominion/dominion.c
FN:8,compare
FN:16,newGame
FN:21,kingdomCards
FN:37,initializeGame
FN:201,shuffle
FN:231,playCard
FN:272,buyCard
FN:311,numHandCards
FN:315,handCard
FN:320,supplyCount
FN:324,fullDeckCount
FN:346,whoseTurn
FN:350,endTurn
FN:390,isGameOver
FN:417,scoreFor
FN:457,getWinners
FN:525,drawCard
FN:583,getCost
FN:648,adventurerCard
FN:687,smithyCard
FN:708,council_roomCard
FN:744,feastCard
FN:811,villageCard
FN:830,cardEffect
FN:1314,discardCard
FN:1352,gainCard
FN:1389,updateCoins
FNDA:0,compare
FNDA:0,newGame
FNDA:0,kingdomCards
FNDA:0,initializeGame
FNDA:0,shuffle
FNDA:0,playCard
FNDA:0,buyCard
FNDA:0,numHandCards
FNDA:0,handCard
FNDA:0,supplyCount
FNDA:0,fullDeckCount
FNDA:4,whoseTurn
FNDA:0,endTurn
FNDA:0,isGameOver
FNDA:0,scoreFor
FNDA:0,getWinners
FNDA:0,drawCard
FNDA:0,getCost
FNDA:0,adventurerCard
FNDA:0,smithyCard
FNDA:0,council_roomCard
FNDA:0,feastCard
FNDA:0,villageCard
FNDA:0,cardEffect
FNDA:0,discardCard
FNDA:0,gainCard
FNDA:0,updateCoins
FNF:27
FNH:1
DA:8,0
DA:9,0
DA:10,0
DA:11,0
DA:12,0
DA:13,0
DA:16,0
DA:17,0
DA:18,0
DA:21,0
DA:23,0
DA:24,0
DA:25,0
DA:26,0
DA:27,0
DA:28,0
DA:29,0
DA:30,0
DA:31,0
DA:32,0
DA:33,0
DA:34,0
DA:37,0
DA:44,0
DA:45,0
DA:48,0
DA:50,0
DA:54,0
DA:57,0
DA:59,0
DA:61,0
DA:63,0
DA:73,0
DA:75,0
DA:77,0
DA:79,0
DA:83,0
DA:87,0
DA:89,0
DA:90,0
DA:91,0
DA:95,0
DA:96,0
DA:97,0
DA:101,0
DA:102,0
DA:103,0
DA:106,0
DA:108,0
DA:110,0
DA:113,0
DA:115,0
DA:116,0
DA:118,0
DA:122,0
DA:124,0
DA:128,0
DA:138,0
DA:140,0
DA:141,0
DA:143,0
DA:144,0
DA:146,0
DA:148,0
DA:149,0
DA:154,0
DA:156,0
DA:158,0
DA:163,0
DA:166,0
DA:167,0
DA:176,0
DA:178,0
DA:182,0
DA:183,0
DA:184,0
DA:185,0
DA:186,0
DA:187,0
DA:188,0
DA:192,0
DA:193,0
DA:196,0
DA:198,0
DA:201,0
DA:205,0
DA:209,0
DA:210,0
DA:211,0
DA:214,0
DA:215,0
DA:216,0
DA:217,0
DA:218,0
DA:219,0
DA:221,0
DA:223,0
DA:224,0
DA:225,0
DA:228,0
DA:231,0
DA:234,0
DA:237,0
DA:239,0
DA:243,0
DA:245,0
DA:249,0
DA:252,0
DA:254,0
DA:258,0
DA:260,0
DA:264,0
DA:267,0
DA:269,0
DA:272,0
DA:280,0
DA:282,0
DA:285,0
DA:286,0
DA:289,0
DA:290,0
DA:293,0
DA:295,0
DA:297,0
DA:299,0
DA:300,0
DA:308,0
DA:311,0
DA:312,0
DA:315,0
DA:316,0
DA:317,0
DA:320,0
DA:321,0
DA:324,0
DA:326,0
DA:328,0
DA:330,0
DA:333,0
DA:335,0
DA:338,0
DA:340,0
DA:343,0
DA:346,4
DA:347,4
DA:350,0
DA:353,0
DA:356,0
DA:357,0
DA:358,0
DA:360,0
DA:363,0
DA:364,0
DA:367,0
DA:370,0
DA:371,0
DA:372,0
DA:373,0
DA:374,0
DA:375,0
DA:376,0
DA:380,0
DA:381,0
DA:385,0
DA:387,0
DA:390,0
DA:395,0
DA:397,0
DA:401,0
DA:402,0
DA:404,0
DA:406,0
DA:409,0
DA:411,0
DA:414,0
DA:417,0
DA:420,0
DA:422,0
DA:424,0
DA:425,0
DA:426,0
DA:427,0
DA:428,0
DA:429,0
DA:433,0
DA:435,0
DA:436,0
DA:437,0
DA:438,0
DA:439,0
DA:440,0
DA:444,0
DA:446,0
DA:447,0
DA:448,0
DA:449,0
DA:450,0
DA:451,0
DA:454,0
DA:457,0
DA:464,0
DA:467,0
DA:469,0
DA:473,0
DA:478,0
DA:479,0
DA:481,0
DA:483,0
DA:486,0
DA:489,0
DA:490,0
DA:492,0
DA:494,0
DA:499,0
DA:500,0
DA:502,0
DA:504,0
DA:507,0
DA:510,0
DA:512,0
DA:514,0
DA:518,0
DA:522,0
DA:525,0
DA:528,0
DA:533,0
DA:534,0
DA:535,0
DA:538,0
DA:539,0
DA:542,0
DA:548,0
DA:551,0
DA:557,0
DA:559,0
DA:560,0
DA:562,0
DA:563,0
DA:564,0
DA:568,0
DA:574,0
DA:575,0
DA:576,0
DA:577,0
DA:580,0
DA:583,0
DA:585,0
DA:587,0
DA:588,0
DA:589,0
DA:590,0
DA:591,0
DA:592,0
DA:593,0
DA:594,0
DA:595,0
DA:596,0
DA:597,0
DA:598,0
DA:599,0
DA:600,0
DA:601,0
DA:602,0
DA:603,0
DA:604,0
DA:605,0
DA:606,0
DA:607,0
DA:608,0
DA:609,0
DA:610,0
DA:611,0
DA:612,0
DA:613,0
DA:614,0
DA:615,0
DA:616,0
DA:617,0
DA:618,0
DA:619,0
DA:620,0
DA:621,0
DA:622,0
DA:623,0
DA:624,0
DA:625,0
DA:626,0
DA:627,0
DA:628,0
DA:629,0
DA:630,0
DA:631,0
DA:632,0
DA:633,0
DA:634,0
DA:635,0
DA:636,0
DA:637,0
DA:638,0
DA:639,0
DA:640,0
DA:643,0
DA:648,0
DA:650,0
DA:651,0
DA:654,0
DA:656,0
DA:659,0
DA:662,0
DA:665,0
DA:666,0
DA:667,0
DA:668,0
DA:670,0
DA:671,0
DA:678,0
DA:679,0
DA:680,0
DA:682,0
DA:687,0
DA:689,0
DA:692,0
DA:694,0
DA:702,0
DA:708,0
DA:711,0
DA:714,0
DA:716,0
DA:720,0
DA:725,0
DA:728,0
DA:730,0
DA:735,0
DA:737,0
DA:744,0
DA:748,0
DA:764,0
DA:765,0
DA:766,0
DA:767,0
DA:775,0
DA:776,0
DA:788,0
DA:800,0
DA:801,0
DA:802,0
DA:806,0
DA:811,0
DA:813,0
DA:824,0
DA:825,0
DA:830,0
DA:836,0
DA:837,0
DA:839,0
DA:847,0
DA:848,0
DA:854,0
DA:856,0
DA:858,0
DA:860,0
DA:862,0
DA:864,0
DA:866,0
DA:868,0
DA:869,0
DA:871,0
DA:872,0
DA:874,0
DA:876,0
DA:879,0
DA:881,0
DA:884,0
DA:886,0
DA:889,0
DA:892,0
DA:895,0
DA:897,0
DA:899,0
DA:900,0
DA:904,0
DA:906,0
DA:907,0
DA:909,0
DA:911,0
DA:914,0
DA:917,0
DA:920,0
DA:922,0
DA:924,0
DA:925,0
DA:930,0
DA:932,0
DA:934,0
DA:936,0
DA:938,0
DA:941,0
DA:942,0
DA:943,0
DA:944,0
DA:945,0
DA:946,0
DA:947,0
DA:948,0
DA:949,0
DA:950,0
DA:951,0
DA:952,0
DA:954,0
DA:955,0
DA:956,0
DA:958,0
DA:963,0
DA:964,0
DA:965,0
DA:966,0
DA:967,0
DA:970,0
DA:974,0
DA:980,0
DA:981,0
DA:982,0
DA:983,0
DA:984,0
DA:990,0
DA:992,0
DA:994,0
DA:997,0
DA:1000,0
DA:1001,0
DA:1003,0
DA:1005,0
DA:1008,0
DA:1010,0
DA:1012,0
DA:1015,0
DA:1018,0
DA:1020,0
DA:1024,0
DA:1026,0
DA:1030,0
DA:1032,0
DA:1034,0
DA:1037,0
DA:1039,0
DA:1043,0
DA:1045,0
DA:1052,0
DA:1054,0
DA:1055,0
DA:1058,0
DA:1059,0
DA:1061,0
DA:1064,0
DA:1069,0
DA:1070,0
DA:1074,0
DA:1075,0
DA:1077,0
DA:1078,0
DA:1079,0
DA:1080,0
DA:1081,0
DA:1083,0
DA:1084,0
DA:1085,0
DA:1096,0
DA:1097,0
DA:1098,0
DA:1099,0
DA:1100,0
DA:1101,0
DA:1104,0
DA:1106,0
DA:1107,0
DA:1108,0
DA:1109,0
DA:1110,0
DA:1111,0
DA:1114,0
DA:1115,0
DA:1116,0
DA:1117,0
DA:1120,0
DA:1121,0
DA:1122,0
DA:1125,0
DA:1126,0
DA:1127,0
DA:1130,0
DA:1134,0
DA:1136,0
DA:1137,0
DA:1139,0
DA:1141,0
DA:1144,0
DA:1146,0
DA:1149,0
DA:1151,0
DA:1153,0
DA:1156,0
DA:1158,0
DA:1165,0
DA:1168,0
DA:1170,0
DA:1172,0
DA:1177,0
DA:1180,0
DA:1182,0
DA:1184,0
DA:1186,0
DA:1187,0
DA:1192,0
DA:1194,0
DA:1196,0
DA:1197,0
DA:1199,0
DA:1201,0
DA:1203,0
DA:1205,0
DA:1206,0
DA:1208,0
DA:1210,0
DA:1215,0
DA:1224,0
DA:1226,0
DA:1229,0
DA:1231,0
DA:1234,0
DA:1236,0
DA:1240,0
DA:1243,0
DA:1244,0
DA:1246,0
DA:1248,0
DA:1251,0
DA:1252,0
DA:1254,0
DA:1256,0
DA:1258,0
DA:1261,0
DA:1263,0
DA:1267,0
DA:1268,0
DA:1270,0
DA:1271,0
DA:1272,0
DA:1273,0
DA:1274,0
DA:1275,0
DA:1278,0
DA:1280,0
DA:1282,0
DA:1283,0
DA:1285,0
DA:1287,0
DA:1288,0
DA:1291,0
DA:1294,0
DA:1295,0
DA:1298,0
DA:1300,0
DA:1304,0
DA:1308,0
DA:1311,0
DA:1314,0
DA:1318,0
DA:1321,0
DA:1322,0
DA:1326,0
DA:1329,0
DA:1332,0
DA:1334,0
DA:1337,0
DA:1342,0
DA:1344,0
DA:1346,0
DA:1349,0
DA:1352,0
DA:1357,0
DA:1359,0
DA:1367,0
DA:1369,0
DA:1370,0
DA:1372,0
DA:1374,0
DA:1375,0
DA:1379,0
DA:1380,0
DA:1384,0
DA:1386,0
DA:1389,0
DA:1394,0
DA:1397,0
DA:1399,0
DA:1401,0
DA:1403,0
DA:1405,0
DA:1407,0
DA:1409,0
DA:1414,0
DA:1416,0
LF:602
LH:2
end_of_record
TN:
TN:
SF:/home/gonzald3/CS362-W2019/projects/gonzald3/dominion/rngs.c
FN:51,Random
FN:71,PlantSeeds
FN:101,PutSeed
FN:129,GetSeed
FN:140,SelectStream
FN:153,TestRandom
FNDA:0,Random
FNDA:0,PlantSeeds
FNDA:0,PutSeed
FNDA:0,GetSeed
FNDA:0,SelectStream
FNDA:0,TestRandom
FNF:6
FNH:0
DA:51,0
DA:58,0
DA:59,0
DA:62,0
DA:63,0
DA:64,0
DA:66,0
DA:67,0
DA:71,0
DA:81,0
DA:82,0
DA:86,0
DA:87,0
DA:88,0
DA:89,0
DA:90,0
DA:91,0
DA:92,0
DA:93,0
DA:94,0
DA:96,0
DA:98,0
DA:101,0
DA:111,0
DA:113,0
DA:114,0
DA:115,0
DA:116,0
DA:117,0
DA:118,0
DA:119,0
DA:120,0
DA:121,0
DA:122,0
DA:123,0
DA:125,0
DA:126,0
DA:129,0
DA:136,0
DA:137,0
DA:140,0
DA:147,0
DA:148,0
DA:149,0
DA:150,0
DA:153,0
DA:162,0
DA:164,0
DA:165,0
DA:166,0
DA:167,0
DA:168,0
DA:169,0
DA:172,0
DA:173,0
DA:175,0
DA:176,0
DA:177,0
DA:178,0
DA:179,0
DA:180,0
DA:182,0
DA:183,0
LF:63
LH:0
end_of_record
TN:
SF:/home/gonzald3/CS362-W2019/projects/gonzald3/dominion/unittest1.c
FN:18,main
FNDA:1,main
FNF:1
FNH:1
DA:18,1
DA:20,1
DA:24,1
DA:25,1
DA:28,6
DA:30,4
DA:31,4
DA:32,4
DA:33,4
DA:36,1
DA:39,1
LF:11
LH:11
end_of_record
TN:
SF:/home/gonzald3/CS362-W2019/projects/gonzald3/dominion/unittest2.c
FN:13,main
FNDA:1,main
FNF:1
FNH:1
DA:13,1
DA:15,1
DA:17,1
DA:19,1
DA:21,1
DA:22,1
DA:24,1
DA:25,1
DA:26,101
DA:29,100
DA:31,100
DA:32,100
DA:33,100
DA:36,1
DA:38,1
DA:40,1
LF:16
LH:16
end_of_record
TN:
SF:/home/gonzald3/CS362-W2019/projects/gonzald3/dominion/unittest3.c
FN:10,main
FNDA:1,main
FNF:1
FNH:1
DA:10,1
DA:12,1
DA:15,1
DA:17,1
DA:19,1
DA:20,1
DA:21,1
DA:23,1
DA:24,1
DA:25,1
DA:26,1
DA:28,1
DA:29,1
DA:30,1
DA:32,1
DA:34,1
LF:16
LH:16
end_of_record
TN:
SF:/home/gonzald3/CS362-W2019/projects/gonzald3/dominion/unittest4.c
FN:9,main
FNDA:1,main
FNF:1
FNH:1
DA:9,1
DA:11,1
DA:14,1
DA:16,1
DA:18,1
DA:19,1
DA:20,1
DA:21,1
DA:22,1
DA:24,1
DA:25,1
DA:26,1
DA:27,1
DA:28,1
DA:29,1
DA:30,1
LF:16
LH:16
end_of_record
